<?xml version="1.0" encoding="UTF-8"?>
<testsuite xmlns:xsi="http://www.w3.org/2001/XMLSchema-instance" xsi:noNamespaceSchemaLocation="https://maven.apache.org/surefire/maven-surefire-plugin/xsd/surefire-test-report-3.0.xsd" version="3.0" name="TestSuite" time="207.471" tests="10" errors="0" skipped="0" failures="0">
  <properties>
    <property name="java.specification.version" value="16"/>
    <property name="webdriver.chrome.driver" value="E:\EndToEndFramework\BDDFramework\Drivers\chromedrivernew.exe"/>
    <property name="sun.cpu.isalist" value="amd64"/>
    <property name="sun.jnu.encoding" value="Cp1252"/>
    <property name="java.class.path" value="E:\EndToEndFramework\BDDFramework\target\test-classes;E:\EndToEndFramework\BDDFramework\target\classes;C:\Users\sravani-jukebox\.m2\repository\io\cucumber\cucumber-junit\7.0.0\cucumber-junit-7.0.0.jar;C:\Users\sravani-jukebox\.m2\repository\org\apiguardian\apiguardian-api\1.1.2\apiguardian-api-1.1.2.jar;C:\Users\sravani-jukebox\.m2\repository\io\cucumber\cucumber-core\7.0.0\cucumber-core-7.0.0.jar;C:\Users\sravani-jukebox\.m2\repository\io\cucumber\cucumber-gherkin\7.0.0\cucumber-gherkin-7.0.0.jar;C:\Users\sravani-jukebox\.m2\repository\io\cucumber\cucumber-gherkin-messages\7.0.0\cucumber-gherkin-messages-7.0.0.jar;C:\Users\sravani-jukebox\.m2\repository\io\cucumber\messages\17.1.1\messages-17.1.1.jar;C:\Users\sravani-jukebox\.m2\repository\io\cucumber\tag-expressions\4.0.2\tag-expressions-4.0.2.jar;C:\Users\sravani-jukebox\.m2\repository\io\cucumber\cucumber-expressions\13.0.1\cucumber-expressions-13.0.1.jar;C:\Users\sravani-jukebox\.m2\repository\io\cucumber\datatable\7.0.0\datatable-7.0.0.jar;C:\Users\sravani-jukebox\.m2\repository\io\cucumber\cucumber-plugin\7.0.0\cucumber-plugin-7.0.0.jar;C:\Users\sravani-jukebox\.m2\repository\io\cucumber\docstring\7.0.0\docstring-7.0.0.jar;C:\Users\sravani-jukebox\.m2\repository\io\cucumber\html-formatter\17.0.0\html-formatter-17.0.0.jar;C:\Users\sravani-jukebox\.m2\repository\io\cucumber\create-meta\6.0.1\create-meta-6.0.1.jar;C:\Users\sravani-jukebox\.m2\repository\io\cucumber\cucumber-jvm-deps\1.0.6\cucumber-jvm-deps-1.0.6.jar;C:\Users\sravani-jukebox\.m2\repository\io\cucumber\cucumber-testng\7.0.0\cucumber-testng-7.0.0.jar;C:\Users\sravani-jukebox\.m2\repository\io\cucumber\cucumber-java\7.0.0\cucumber-java-7.0.0.jar;C:\Users\sravani-jukebox\.m2\repository\junit\junit\4.11\junit-4.11.jar;C:\Users\sravani-jukebox\.m2\repository\org\hamcrest\hamcrest-core\1.3\hamcrest-core-1.3.jar;C:\Users\sravani-jukebox\.m2\repository\org\apache\logging\log4j\log4j-api\2.14.1\log4j-api-2.14.1.jar;C:\Users\sravani-jukebox\.m2\repository\org\apache\logging\log4j\log4j-core\2.14.1\log4j-core-2.14.1.jar;C:\Users\sravani-jukebox\.m2\repository\org\seleniumhq\selenium\selenium-java\3.4.0\selenium-java-3.4.0.jar;C:\Users\sravani-jukebox\.m2\repository\org\seleniumhq\selenium\selenium-api\3.4.0\selenium-api-3.4.0.jar;C:\Users\sravani-jukebox\.m2\repository\org\seleniumhq\selenium\selenium-chrome-driver\3.4.0\selenium-chrome-driver-3.4.0.jar;C:\Users\sravani-jukebox\.m2\repository\org\seleniumhq\selenium\selenium-edge-driver\3.4.0\selenium-edge-driver-3.4.0.jar;C:\Users\sravani-jukebox\.m2\repository\org\seleniumhq\selenium\selenium-firefox-driver\3.4.0\selenium-firefox-driver-3.4.0.jar;C:\Users\sravani-jukebox\.m2\repository\org\seleniumhq\selenium\selenium-ie-driver\3.4.0\selenium-ie-driver-3.4.0.jar;C:\Users\sravani-jukebox\.m2\repository\org\seleniumhq\selenium\selenium-opera-driver\3.4.0\selenium-opera-driver-3.4.0.jar;C:\Users\sravani-jukebox\.m2\repository\org\seleniumhq\selenium\selenium-remote-driver\3.4.0\selenium-remote-driver-3.4.0.jar;C:\Users\sravani-jukebox\.m2\repository\org\seleniumhq\selenium\selenium-safari-driver\3.4.0\selenium-safari-driver-3.4.0.jar;C:\Users\sravani-jukebox\.m2\repository\org\seleniumhq\selenium\selenium-support\3.4.0\selenium-support-3.4.0.jar;C:\Users\sravani-jukebox\.m2\repository\cglib\cglib-nodep\3.2.4\cglib-nodep-3.2.4.jar;C:\Users\sravani-jukebox\.m2\repository\org\apache\commons\commons-exec\1.3\commons-exec-1.3.jar;C:\Users\sravani-jukebox\.m2\repository\org\apache\commons\commons-lang3\3.5\commons-lang3-3.5.jar;C:\Users\sravani-jukebox\.m2\repository\commons-codec\commons-codec\1.10\commons-codec-1.10.jar;C:\Users\sravani-jukebox\.m2\repository\commons-logging\commons-logging\1.2\commons-logging-1.2.jar;C:\Users\sravani-jukebox\.m2\repository\org\w3c\css\sac\1.3\sac-1.3.jar;C:\Users\sravani-jukebox\.m2\repository\net\sourceforge\cssparser\cssparser\0.9.22\cssparser-0.9.22.jar;C:\Users\sravani-jukebox\.m2\repository\com\google\code\gson\gson\2.8.0\gson-2.8.0.jar;C:\Users\sravani-jukebox\.m2\repository\com\google\guava\guava\21.0\guava-21.0.jar;C:\Users\sravani-jukebox\.m2\repository\net\sourceforge\htmlunit\htmlunit\2.26\htmlunit-2.26.jar;C:\Users\sravani-jukebox\.m2\repository\net\sourceforge\htmlunit\htmlunit-core-js\2.26\htmlunit-core-js-2.26.jar;C:\Users\sravani-jukebox\.m2\repository\net\sourceforge\htmlunit\neko-htmlunit\2.25\neko-htmlunit-2.25.jar;C:\Users\sravani-jukebox\.m2\repository\org\apache\httpcomponents\httpclient\4.5.3\httpclient-4.5.3.jar;C:\Users\sravani-jukebox\.m2\repository\org\apache\httpcomponents\httpcore\4.4.6\httpcore-4.4.6.jar;C:\Users\sravani-jukebox\.m2\repository\org\apache\httpcomponents\httpmime\4.5.3\httpmime-4.5.3.jar;C:\Users\sravani-jukebox\.m2\repository\org\eclipse\jetty\jetty-io\9.4.1.v20170120\jetty-io-9.4.1.v20170120.jar;C:\Users\sravani-jukebox\.m2\repository\org\eclipse\jetty\jetty-util\9.4.1.v20170120\jetty-util-9.4.1.v20170120.jar;C:\Users\sravani-jukebox\.m2\repository\net\java\dev\jna\jna\4.1.0\jna-4.1.0.jar;C:\Users\sravani-jukebox\.m2\repository\net\java\dev\jna\jna-platform\4.1.0\jna-platform-4.1.0.jar;C:\Users\sravani-jukebox\.m2\repository\com\codeborne\phantomjsdriver\1.4.0\phantomjsdriver-1.4.0.jar;C:\Users\sravani-jukebox\.m2\repository\org\seleniumhq\selenium\htmlunit-driver\2.26\htmlunit-driver-2.26.jar;C:\Users\sravani-jukebox\.m2\repository\javax\servlet\javax.servlet-api\3.1.0\javax.servlet-api-3.1.0.jar;C:\Users\sravani-jukebox\.m2\repository\org\eclipse\jetty\websocket\websocket-api\9.4.3.v20170317\websocket-api-9.4.3.v20170317.jar;C:\Users\sravani-jukebox\.m2\repository\org\eclipse\jetty\websocket\websocket-client\9.4.3.v20170317\websocket-client-9.4.3.v20170317.jar;C:\Users\sravani-jukebox\.m2\repository\org\eclipse\jetty\jetty-client\9.4.3.v20170317\jetty-client-9.4.3.v20170317.jar;C:\Users\sravani-jukebox\.m2\repository\org\eclipse\jetty\jetty-http\9.4.3.v20170317\jetty-http-9.4.3.v20170317.jar;C:\Users\sravani-jukebox\.m2\repository\org\eclipse\jetty\websocket\websocket-common\9.4.3.v20170317\websocket-common-9.4.3.v20170317.jar;C:\Users\sravani-jukebox\.m2\repository\xalan\serializer\2.7.2\serializer-2.7.2.jar;C:\Users\sravani-jukebox\.m2\repository\xalan\xalan\2.7.2\xalan-2.7.2.jar;C:\Users\sravani-jukebox\.m2\repository\xerces\xercesImpl\2.11.0\xercesImpl-2.11.0.jar;C:\Users\sravani-jukebox\.m2\repository\xml-apis\xml-apis\1.4.01\xml-apis-1.4.01.jar;C:\Users\sravani-jukebox\.m2\repository\org\testng\testng\6.8\testng-6.8.jar;C:\Users\sravani-jukebox\.m2\repository\org\beanshell\bsh\2.0b4\bsh-2.0b4.jar;C:\Users\sravani-jukebox\.m2\repository\com\beust\jcommander\1.27\jcommander-1.27.jar;C:\Users\sravani-jukebox\.m2\repository\org\yaml\snakeyaml\1.6\snakeyaml-1.6.jar;C:\Users\sravani-jukebox\.m2\repository\org\apache\poi\poi\4.1.2\poi-4.1.2.jar;C:\Users\sravani-jukebox\.m2\repository\org\apache\commons\commons-collections4\4.4\commons-collections4-4.4.jar;C:\Users\sravani-jukebox\.m2\repository\org\apache\commons\commons-math3\3.6.1\commons-math3-3.6.1.jar;C:\Users\sravani-jukebox\.m2\repository\com\zaxxer\SparseBitSet\1.2\SparseBitSet-1.2.jar;C:\Users\sravani-jukebox\.m2\repository\org\apache\poi\poi-ooxml\4.1.2\poi-ooxml-4.1.2.jar;C:\Users\sravani-jukebox\.m2\repository\org\apache\poi\poi-ooxml-schemas\4.1.2\poi-ooxml-schemas-4.1.2.jar;C:\Users\sravani-jukebox\.m2\repository\org\apache\xmlbeans\xmlbeans\3.1.0\xmlbeans-3.1.0.jar;C:\Users\sravani-jukebox\.m2\repository\org\apache\commons\commons-compress\1.19\commons-compress-1.19.jar;C:\Users\sravani-jukebox\.m2\repository\com\github\virtuald\curvesapi\1.06\curvesapi-1.06.jar;C:\Users\sravani-jukebox\.m2\repository\commons-io\commons-io\2.6\commons-io-2.6.jar;C:\Users\sravani-jukebox\.m2\repository\com\aventstack\extentreports\3.0.6\extentreports-3.0.6.jar;C:\Users\sravani-jukebox\.m2\repository\org\freemarker\freemarker\2.3.23\freemarker-2.3.23.jar;C:\Users\sravani-jukebox\.m2\repository\org\mongodb\mongodb-driver\3.3.0\mongodb-driver-3.3.0.jar;C:\Users\sravani-jukebox\.m2\repository\org\mongodb\bson\3.3.0\bson-3.3.0.jar;C:\Users\sravani-jukebox\.m2\repository\org\mongodb\mongodb-driver-core\3.3.0\mongodb-driver-core-3.3.0.jar;C:\Users\sravani-jukebox\.m2\repository\org\jsoup\jsoup\1.9.2\jsoup-1.9.2.jar;C:\Users\sravani-jukebox\.m2\repository\com\relevantcodes\extentreports\2.41.2\extentreports-2.41.2.jar;C:\Users\sravani-jukebox\.m2\repository\org\xerial\sqlite-jdbc\3.8.11.1\sqlite-jdbc-3.8.11.1.jar;"/>
    <property name="java.vm.vendor" value="Oracle Corporation"/>
    <property name="sun.arch.data.model" value="64"/>
    <property name="user.variant" value=""/>
    <property name="java.vendor.url" value="https://java.oracle.com/"/>
    <property name="user.timezone" value="Asia/Calcutta"/>
    <property name="os.name" value="Windows 10"/>
    <property name="java.vm.specification.version" value="16"/>
    <property name="sun.java.launcher" value="SUN_STANDARD"/>
    <property name="user.country" value="IN"/>
    <property name="sun.boot.library.path" value="C:\Program Files\Java\jdk-16.0.2\bin"/>
    <property name="sun.java.command" value="C:\Users\sravani-jukebox\AppData\Local\Temp\surefire15804893377242209557\surefirebooter9040685339061623463.jar C:\Users\sravani-jukebox\AppData\Local\Temp\surefire15804893377242209557 2021-11-22T17-05-43_669-jvmRun1 surefire11490515954838201480tmp surefire_012055807664820167330tmp"/>
    <property name="jdk.debug" value="release"/>
    <property name="surefire.test.class.path" value="E:\EndToEndFramework\BDDFramework\target\test-classes;E:\EndToEndFramework\BDDFramework\target\classes;C:\Users\sravani-jukebox\.m2\repository\io\cucumber\cucumber-junit\7.0.0\cucumber-junit-7.0.0.jar;C:\Users\sravani-jukebox\.m2\repository\org\apiguardian\apiguardian-api\1.1.2\apiguardian-api-1.1.2.jar;C:\Users\sravani-jukebox\.m2\repository\io\cucumber\cucumber-core\7.0.0\cucumber-core-7.0.0.jar;C:\Users\sravani-jukebox\.m2\repository\io\cucumber\cucumber-gherkin\7.0.0\cucumber-gherkin-7.0.0.jar;C:\Users\sravani-jukebox\.m2\repository\io\cucumber\cucumber-gherkin-messages\7.0.0\cucumber-gherkin-messages-7.0.0.jar;C:\Users\sravani-jukebox\.m2\repository\io\cucumber\messages\17.1.1\messages-17.1.1.jar;C:\Users\sravani-jukebox\.m2\repository\io\cucumber\tag-expressions\4.0.2\tag-expressions-4.0.2.jar;C:\Users\sravani-jukebox\.m2\repository\io\cucumber\cucumber-expressions\13.0.1\cucumber-expressions-13.0.1.jar;C:\Users\sravani-jukebox\.m2\repository\io\cucumber\datatable\7.0.0\datatable-7.0.0.jar;C:\Users\sravani-jukebox\.m2\repository\io\cucumber\cucumber-plugin\7.0.0\cucumber-plugin-7.0.0.jar;C:\Users\sravani-jukebox\.m2\repository\io\cucumber\docstring\7.0.0\docstring-7.0.0.jar;C:\Users\sravani-jukebox\.m2\repository\io\cucumber\html-formatter\17.0.0\html-formatter-17.0.0.jar;C:\Users\sravani-jukebox\.m2\repository\io\cucumber\create-meta\6.0.1\create-meta-6.0.1.jar;C:\Users\sravani-jukebox\.m2\repository\io\cucumber\cucumber-jvm-deps\1.0.6\cucumber-jvm-deps-1.0.6.jar;C:\Users\sravani-jukebox\.m2\repository\io\cucumber\cucumber-testng\7.0.0\cucumber-testng-7.0.0.jar;C:\Users\sravani-jukebox\.m2\repository\io\cucumber\cucumber-java\7.0.0\cucumber-java-7.0.0.jar;C:\Users\sravani-jukebox\.m2\repository\junit\junit\4.11\junit-4.11.jar;C:\Users\sravani-jukebox\.m2\repository\org\hamcrest\hamcrest-core\1.3\hamcrest-core-1.3.jar;C:\Users\sravani-jukebox\.m2\repository\org\apache\logging\log4j\log4j-api\2.14.1\log4j-api-2.14.1.jar;C:\Users\sravani-jukebox\.m2\repository\org\apache\logging\log4j\log4j-core\2.14.1\log4j-core-2.14.1.jar;C:\Users\sravani-jukebox\.m2\repository\org\seleniumhq\selenium\selenium-java\3.4.0\selenium-java-3.4.0.jar;C:\Users\sravani-jukebox\.m2\repository\org\seleniumhq\selenium\selenium-api\3.4.0\selenium-api-3.4.0.jar;C:\Users\sravani-jukebox\.m2\repository\org\seleniumhq\selenium\selenium-chrome-driver\3.4.0\selenium-chrome-driver-3.4.0.jar;C:\Users\sravani-jukebox\.m2\repository\org\seleniumhq\selenium\selenium-edge-driver\3.4.0\selenium-edge-driver-3.4.0.jar;C:\Users\sravani-jukebox\.m2\repository\org\seleniumhq\selenium\selenium-firefox-driver\3.4.0\selenium-firefox-driver-3.4.0.jar;C:\Users\sravani-jukebox\.m2\repository\org\seleniumhq\selenium\selenium-ie-driver\3.4.0\selenium-ie-driver-3.4.0.jar;C:\Users\sravani-jukebox\.m2\repository\org\seleniumhq\selenium\selenium-opera-driver\3.4.0\selenium-opera-driver-3.4.0.jar;C:\Users\sravani-jukebox\.m2\repository\org\seleniumhq\selenium\selenium-remote-driver\3.4.0\selenium-remote-driver-3.4.0.jar;C:\Users\sravani-jukebox\.m2\repository\org\seleniumhq\selenium\selenium-safari-driver\3.4.0\selenium-safari-driver-3.4.0.jar;C:\Users\sravani-jukebox\.m2\repository\org\seleniumhq\selenium\selenium-support\3.4.0\selenium-support-3.4.0.jar;C:\Users\sravani-jukebox\.m2\repository\cglib\cglib-nodep\3.2.4\cglib-nodep-3.2.4.jar;C:\Users\sravani-jukebox\.m2\repository\org\apache\commons\commons-exec\1.3\commons-exec-1.3.jar;C:\Users\sravani-jukebox\.m2\repository\org\apache\commons\commons-lang3\3.5\commons-lang3-3.5.jar;C:\Users\sravani-jukebox\.m2\repository\commons-codec\commons-codec\1.10\commons-codec-1.10.jar;C:\Users\sravani-jukebox\.m2\repository\commons-logging\commons-logging\1.2\commons-logging-1.2.jar;C:\Users\sravani-jukebox\.m2\repository\org\w3c\css\sac\1.3\sac-1.3.jar;C:\Users\sravani-jukebox\.m2\repository\net\sourceforge\cssparser\cssparser\0.9.22\cssparser-0.9.22.jar;C:\Users\sravani-jukebox\.m2\repository\com\google\code\gson\gson\2.8.0\gson-2.8.0.jar;C:\Users\sravani-jukebox\.m2\repository\com\google\guava\guava\21.0\guava-21.0.jar;C:\Users\sravani-jukebox\.m2\repository\net\sourceforge\htmlunit\htmlunit\2.26\htmlunit-2.26.jar;C:\Users\sravani-jukebox\.m2\repository\net\sourceforge\htmlunit\htmlunit-core-js\2.26\htmlunit-core-js-2.26.jar;C:\Users\sravani-jukebox\.m2\repository\net\sourceforge\htmlunit\neko-htmlunit\2.25\neko-htmlunit-2.25.jar;C:\Users\sravani-jukebox\.m2\repository\org\apache\httpcomponents\httpclient\4.5.3\httpclient-4.5.3.jar;C:\Users\sravani-jukebox\.m2\repository\org\apache\httpcomponents\httpcore\4.4.6\httpcore-4.4.6.jar;C:\Users\sravani-jukebox\.m2\repository\org\apache\httpcomponents\httpmime\4.5.3\httpmime-4.5.3.jar;C:\Users\sravani-jukebox\.m2\repository\org\eclipse\jetty\jetty-io\9.4.1.v20170120\jetty-io-9.4.1.v20170120.jar;C:\Users\sravani-jukebox\.m2\repository\org\eclipse\jetty\jetty-util\9.4.1.v20170120\jetty-util-9.4.1.v20170120.jar;C:\Users\sravani-jukebox\.m2\repository\net\java\dev\jna\jna\4.1.0\jna-4.1.0.jar;C:\Users\sravani-jukebox\.m2\repository\net\java\dev\jna\jna-platform\4.1.0\jna-platform-4.1.0.jar;C:\Users\sravani-jukebox\.m2\repository\com\codeborne\phantomjsdriver\1.4.0\phantomjsdriver-1.4.0.jar;C:\Users\sravani-jukebox\.m2\repository\org\seleniumhq\selenium\htmlunit-driver\2.26\htmlunit-driver-2.26.jar;C:\Users\sravani-jukebox\.m2\repository\javax\servlet\javax.servlet-api\3.1.0\javax.servlet-api-3.1.0.jar;C:\Users\sravani-jukebox\.m2\repository\org\eclipse\jetty\websocket\websocket-api\9.4.3.v20170317\websocket-api-9.4.3.v20170317.jar;C:\Users\sravani-jukebox\.m2\repository\org\eclipse\jetty\websocket\websocket-client\9.4.3.v20170317\websocket-client-9.4.3.v20170317.jar;C:\Users\sravani-jukebox\.m2\repository\org\eclipse\jetty\jetty-client\9.4.3.v20170317\jetty-client-9.4.3.v20170317.jar;C:\Users\sravani-jukebox\.m2\repository\org\eclipse\jetty\jetty-http\9.4.3.v20170317\jetty-http-9.4.3.v20170317.jar;C:\Users\sravani-jukebox\.m2\repository\org\eclipse\jetty\websocket\websocket-common\9.4.3.v20170317\websocket-common-9.4.3.v20170317.jar;C:\Users\sravani-jukebox\.m2\repository\xalan\serializer\2.7.2\serializer-2.7.2.jar;C:\Users\sravani-jukebox\.m2\repository\xalan\xalan\2.7.2\xalan-2.7.2.jar;C:\Users\sravani-jukebox\.m2\repository\xerces\xercesImpl\2.11.0\xercesImpl-2.11.0.jar;C:\Users\sravani-jukebox\.m2\repository\xml-apis\xml-apis\1.4.01\xml-apis-1.4.01.jar;C:\Users\sravani-jukebox\.m2\repository\org\testng\testng\6.8\testng-6.8.jar;C:\Users\sravani-jukebox\.m2\repository\org\beanshell\bsh\2.0b4\bsh-2.0b4.jar;C:\Users\sravani-jukebox\.m2\repository\com\beust\jcommander\1.27\jcommander-1.27.jar;C:\Users\sravani-jukebox\.m2\repository\org\yaml\snakeyaml\1.6\snakeyaml-1.6.jar;C:\Users\sravani-jukebox\.m2\repository\org\apache\poi\poi\4.1.2\poi-4.1.2.jar;C:\Users\sravani-jukebox\.m2\repository\org\apache\commons\commons-collections4\4.4\commons-collections4-4.4.jar;C:\Users\sravani-jukebox\.m2\repository\org\apache\commons\commons-math3\3.6.1\commons-math3-3.6.1.jar;C:\Users\sravani-jukebox\.m2\repository\com\zaxxer\SparseBitSet\1.2\SparseBitSet-1.2.jar;C:\Users\sravani-jukebox\.m2\repository\org\apache\poi\poi-ooxml\4.1.2\poi-ooxml-4.1.2.jar;C:\Users\sravani-jukebox\.m2\repository\org\apache\poi\poi-ooxml-schemas\4.1.2\poi-ooxml-schemas-4.1.2.jar;C:\Users\sravani-jukebox\.m2\repository\org\apache\xmlbeans\xmlbeans\3.1.0\xmlbeans-3.1.0.jar;C:\Users\sravani-jukebox\.m2\repository\org\apache\commons\commons-compress\1.19\commons-compress-1.19.jar;C:\Users\sravani-jukebox\.m2\repository\com\github\virtuald\curvesapi\1.06\curvesapi-1.06.jar;C:\Users\sravani-jukebox\.m2\repository\commons-io\commons-io\2.6\commons-io-2.6.jar;C:\Users\sravani-jukebox\.m2\repository\com\aventstack\extentreports\3.0.6\extentreports-3.0.6.jar;C:\Users\sravani-jukebox\.m2\repository\org\freemarker\freemarker\2.3.23\freemarker-2.3.23.jar;C:\Users\sravani-jukebox\.m2\repository\org\mongodb\mongodb-driver\3.3.0\mongodb-driver-3.3.0.jar;C:\Users\sravani-jukebox\.m2\repository\org\mongodb\bson\3.3.0\bson-3.3.0.jar;C:\Users\sravani-jukebox\.m2\repository\org\mongodb\mongodb-driver-core\3.3.0\mongodb-driver-core-3.3.0.jar;C:\Users\sravani-jukebox\.m2\repository\org\jsoup\jsoup\1.9.2\jsoup-1.9.2.jar;C:\Users\sravani-jukebox\.m2\repository\com\relevantcodes\extentreports\2.41.2\extentreports-2.41.2.jar;C:\Users\sravani-jukebox\.m2\repository\org\xerial\sqlite-jdbc\3.8.11.1\sqlite-jdbc-3.8.11.1.jar;"/>
    <property name="sun.cpu.endian" value="little"/>
    <property name="user.home" value="C:\Users\sravani-jukebox"/>
    <property name="user.language" value="en"/>
    <property name="java.specification.vendor" value="Oracle Corporation"/>
    <property name="java.version.date" value="2021-07-20"/>
    <property name="java.home" value="C:\Program Files\Java\jdk-16.0.2"/>
    <property name="file.separator" value="\"/>
    <property name="basedir" value="E:\EndToEndFramework\BDDFramework"/>
    <property name="java.vm.compressedOopsMode" value="32-bit"/>
    <property name="line.separator" value="&#10;"/>
    <property name="java.vm.specification.vendor" value="Oracle Corporation"/>
    <property name="java.specification.name" value="Java Platform API Specification"/>
    <property name="surefire.real.class.path" value="C:\Users\sravani-jukebox\AppData\Local\Temp\surefire15804893377242209557\surefirebooter9040685339061623463.jar"/>
    <property name="user.script" value=""/>
    <property name="sun.management.compiler" value="HotSpot 64-Bit Tiered Compilers"/>
    <property name="java.runtime.version" value="16.0.2+7-67"/>
    <property name="user.name" value="sravani-jukebox"/>
    <property name="path.separator" value=";"/>
    <property name="os.version" value="10.0"/>
    <property name="java.runtime.name" value="Java(TM) SE Runtime Environment"/>
    <property name="file.encoding" value="Cp1252"/>
    <property name="java.vm.name" value="Java HotSpot(TM) 64-Bit Server VM"/>
    <property name="localRepository" value="C:\Users\sravani-jukebox\.m2\repository"/>
    <property name="java.vendor.url.bug" value="https://bugreport.java.com/bugreport/"/>
    <property name="java.io.tmpdir" value="C:\Users\SRAVAN~1\AppData\Local\Temp\"/>
    <property name="java.version" value="16.0.2"/>
    <property name="user.dir" value="E:\EndToEndFramework\BDDFramework"/>
    <property name="os.arch" value="amd64"/>
    <property name="java.vm.specification.name" value="Java Virtual Machine Specification"/>
    <property name="sun.os.patch.level" value=""/>
    <property name="java.library.path" value="C:\Program Files\Java\jdk-16.0.2\bin;C:\Windows\Sun\Java\bin;C:\Windows\system32;C:\Windows;C:/Program Files/Eclipse/eclipse//plugins/org.eclipse.justj.openjdk.hotspot.jre.full.win32.x86_64_16.0.1.v20210528-1205/jre/bin/server;C:/Program Files/Eclipse/eclipse//plugins/org.eclipse.justj.openjdk.hotspot.jre.full.win32.x86_64_16.0.1.v20210528-1205/jre/bin;C:\Program Files (x86)\Common Files\Oracle\Java\javapath;C:\Program Files\Common Files\Oracle\Java\javapath;C:\Windows\system32;C:\Windows;C:\Windows\System32\Wbem;C:\Windows\System32\WindowsPowerShell\v1.0\;C:\Windows\System32\OpenSSH\;C:\Program Files\Microsoft VS Code\bin;C:\Program Files\Python38\Scripts\;C:\Program Files\Python38\;C:\Program Files (x86)\Brackets\command;C:\Program Files\Java\jdk-16.0.2\bin;C:\Program Files\Git\cmd;C:\Users\sravani-jukebox\anaconda3;C:\Users\sravani-jukebox\anaconda3\Library\mingw-w64\bin;C:\Users\sravani-jukebox\anaconda3\Library\usr\bin;C:\Users\sravani-jukebox\anaconda3\Library\bin;C:\Users\sravani-jukebox\anaconda3\Scripts;C:\Users\sravani-jukebox\AppData\Local\Programs\Python\Python38\Scripts\;C:\Users\sravani-jukebox\AppData\Local\Programs\Python\Python38\;C:\Users\sravani-jukebox\AppData\Local\Microsoft\WindowsApps;C:\Program Files\JetBrains\PyCharm 2021.1.1\bin;;C:\Program Files\Python38\Scripts\;C:\Program Files\Python38\;C:\Users\sravani-jukebox\AppData\Local\Programs\Microsoft VS Code\bin;E:\apache-maven-3.8.2\bin;;C:\Program Files\Eclipse\eclipse;;."/>
    <property name="java.vm.info" value="mixed mode, sharing"/>
    <property name="java.vendor" value="Oracle Corporation"/>
    <property name="java.vm.version" value="16.0.2+7-67"/>
    <property name="sun.io.unicode.encoding" value="UnicodeLittle"/>
    <property name="java.class.version" value="60.0"/>
  </properties>
  <testcase name="runScenario[&quot;Checking on adding 3 items to cart&quot;, &quot;Optional[Working on adding 3 items to cart]&quot;](1)" classname="com.mindtree.com.runner.Runner" time="24.909">
    <system-out><![CDATA[2021.11.22.17.05.48-----------
Test-Report2021.11.22.17.05.48.html
[INFO ] 2021-11-22 17:05:55.266 [main] ReadConfig - Driver is initialized
[INFO ] 2021-11-22 17:06:02.510 [main] ReadConfig - Website is initialized
[INFO ] 2021-11-22 17:06:05.722 [main] ReadConfig - Search page is opened
[INFO ] 2021-11-22 17:06:09.126 [main] ReadConfig - Product description page is opened
[INFO ] 2021-11-22 17:06:09.867 [main] ReadConfig - Product is added to the cart
[INFO ] 2021-11-22 17:06:11.295 [main] ReadConfig - Shopping can be continued
[INFO ] 2021-11-22 17:06:11.601 [main] ReadConfig - Another product can be selected
[INFO ] 2021-11-22 17:06:11.713 [main] ReadConfig - Product is added to the cart
[INFO ] 2021-11-22 17:06:13.300 [main] ReadConfig - Shopping can be continued
[INFO ] 2021-11-22 17:06:13.585 [main] ReadConfig - Another product can be selected
[INFO ] 2021-11-22 17:06:13.691 [main] ReadConfig - Product is added to the cart
]]></system-out>
    <system-err><![CDATA[Starting ChromeDriver 96.0.4664.45 (76e4c1bb2ab4671b8beba3444e61c0f17584b2fc-refs/branch-heads/4664@{#947}) on port 26468
Only local connections are allowed.
Please see https://chromedriver.chromium.org/security-considerations for suggestions on keeping ChromeDriver safe.
ChromeDriver was started successfully.
Nov 22, 2021 5:05:54 PM org.openqa.selenium.remote.ProtocolHandshake createSession
INFO: Detected dialect: W3C
]]></system-err>
  </testcase>
  <testcase name="runScenario[&quot;Checking on adding product to cart&quot;, &quot;Optional[Working on adding product to cart]&quot;](2)" classname="com.mindtree.com.runner.Runner" time="15.791">
    <system-out><![CDATA[2021.11.22.17.06.18-----------
Test-Report2021.11.22.17.06.18.html
[INFO ] 2021-11-22 17:06:20.184 [main] ReadConfig - Driver is initialized
[INFO ] 2021-11-22 17:06:26.282 [main] ReadConfig - Website is initialized
[INFO ] 2021-11-22 17:06:29.495 [main] ReadConfig - Search page is opened
[INFO ] 2021-11-22 17:06:33.587 [main] ReadConfig - Required item is selected
[INFO ] 2021-11-22 17:06:34.004 [main] ReadConfig - Product is added to the cart
]]></system-out>
    <system-err><![CDATA[Starting ChromeDriver 96.0.4664.45 (76e4c1bb2ab4671b8beba3444e61c0f17584b2fc-refs/branch-heads/4664@{#947}) on port 10615
Only local connections are allowed.
Please see https://chromedriver.chromium.org/security-considerations for suggestions on keeping ChromeDriver safe.
ChromeDriver was started successfully.
Nov 22, 2021 5:06:20 PM org.openqa.selenium.remote.ProtocolHandshake createSession
INFO: Detected dialect: W3C
]]></system-err>
  </testcase>
  <testcase name="runScenario[&quot;Checking for estimated delivery&quot;, &quot;Optional[Working on Estimated Delivery]&quot;](3)" classname="com.mindtree.com.runner.Runner" time="16.001">
    <system-out><![CDATA[2021.11.22.17.06.34-----------
Test-Report2021.11.22.17.06.34.html
[INFO ] 2021-11-22 17:06:36.249 [main] ReadConfig - Driver is initialized
[INFO ] 2021-11-22 17:06:43.243 [main] ReadConfig - Website is initialized
[INFO ] 2021-11-22 17:06:46.565 [main] ReadConfig - Search page is selected
[INFO ] 2021-11-22 17:06:49.568 [main] ReadConfig - Product description page is opened and item is selected
[INFO ] 2021-11-22 17:06:50.443 [main] ReadConfig - pincode is entered successfully
[INFO ] 2021-11-22 17:06:50.556 [main] ReadConfig - Check button is clicked and delivery date is displayed
]]></system-out>
    <system-err><![CDATA[Starting ChromeDriver 96.0.4664.45 (76e4c1bb2ab4671b8beba3444e61c0f17584b2fc-refs/branch-heads/4664@{#947}) on port 6999
Only local connections are allowed.
Please see https://chromedriver.chromium.org/security-considerations for suggestions on keeping ChromeDriver safe.
ChromeDriver was started successfully.
Nov 22, 2021 5:06:36 PM org.openqa.selenium.remote.ProtocolHandshake createSession
INFO: Detected dialect: W3C
]]></system-err>
  </testcase>
  <testcase name="runScenario[&quot;Checking adding giftcard functionality&quot;, &quot;Optional[Working on adding giftcard]&quot;](4)" classname="com.mindtree.com.runner.Runner" time="21.665">
    <system-out><![CDATA[2021.11.22.17.06.54-----------
Test-Report2021.11.22.17.06.54.html
[INFO ] 2021-11-22 17:06:56.674 [main] ReadConfig - Driver is initialized
[INFO ] 2021-11-22 17:07:02.922 [main] ReadConfig - Website is initialized
[INFO ] 2021-11-22 17:07:06.169 [main] ReadConfig - Search page is opened
[INFO ] 2021-11-22 17:07:10.380 [main] ReadConfig - Required item is selected
[INFO ] 2021-11-22 17:07:10.755 [main] ReadConfig - Product is added to the cart
[INFO ] 2021-11-22 17:07:15.892 [main] ReadConfig - Gift card is selected successfully
[INFO ] 2021-11-22 17:07:16.045 [main] ReadConfig - Name of sender is entered
[INFO ] 2021-11-22 17:07:16.208 [main] ReadConfig - Name of receiver is entered
[INFO ] 2021-11-22 17:07:16.438 [main] ReadConfig - message is entered successfully
]]></system-out>
    <system-err><![CDATA[Starting ChromeDriver 96.0.4664.45 (76e4c1bb2ab4671b8beba3444e61c0f17584b2fc-refs/branch-heads/4664@{#947}) on port 39793
Only local connections are allowed.
Please see https://chromedriver.chromium.org/security-considerations for suggestions on keeping ChromeDriver safe.
ChromeDriver was started successfully.
Nov 22, 2021 5:06:56 PM org.openqa.selenium.remote.ProtocolHandshake createSession
INFO: Detected dialect: W3C
]]></system-err>
  </testcase>
  <testcase name="runScenario[&quot;Checking Hover Dropdown&quot;, &quot;Optional[Working on Hover Dropdown]&quot;](5)" classname="com.mindtree.com.runner.Runner" time="18.554">
    <system-out><![CDATA[2021.11.22.17.07.16-----------
Test-Report2021.11.22.17.07.16.html
[INFO ] 2021-11-22 17:07:18.380 [main] ReadConfig - Driver is initialized
[INFO ] 2021-11-22 17:07:25.222 [main] ReadConfig - Website is initialized
[INFO ] 2021-11-22 17:07:28.869 [main] ReadConfig - birthday gifts is selected from dropdown
[INFO ] 2021-11-22 17:07:32.032 [main] ReadConfig - gifts for kids is selected from birthday gifts
[INFO ] 2021-11-22 17:07:35.237 [main] ReadConfig - Gift description page is displayed
]]></system-out>
    <system-err><![CDATA[Starting ChromeDriver 96.0.4664.45 (76e4c1bb2ab4671b8beba3444e61c0f17584b2fc-refs/branch-heads/4664@{#947}) on port 31678
Only local connections are allowed.
Please see https://chromedriver.chromium.org/security-considerations for suggestions on keeping ChromeDriver safe.
ChromeDriver was started successfully.
Nov 22, 2021 5:07:18 PM org.openqa.selenium.remote.ProtocolHandshake createSession
INFO: Detected dialect: W3C
]]></system-err>
  </testcase>
  <testcase name="runScenario[&quot;Checking increase quantity functionality&quot;, &quot;Optional[Working on increase quantity functionality]&quot;](6)" classname="com.mindtree.com.runner.Runner" time="16.511">
    <system-out><![CDATA[2021.11.22.17.07.35-----------
Test-Report2021.11.22.17.07.35.html
[INFO ] 2021-11-22 17:07:37.383 [main] ReadConfig - Driver is initialized
[INFO ] 2021-11-22 17:07:44.385 [main] ReadConfig - Website is initialized
[INFO ] 2021-11-22 17:07:48.462 [main] ReadConfig - minion lover is selected from dropdown
[INFO ] 2021-11-22 17:07:51.512 [main] ReadConfig - Product is selected
[INFO ] 2021-11-22 17:07:52.063 [main] ReadConfig - Quantity is increased and added to cart
]]></system-out>
    <system-err><![CDATA[Starting ChromeDriver 96.0.4664.45 (76e4c1bb2ab4671b8beba3444e61c0f17584b2fc-refs/branch-heads/4664@{#947}) on port 10477
Only local connections are allowed.
Please see https://chromedriver.chromium.org/security-considerations for suggestions on keeping ChromeDriver safe.
ChromeDriver was started successfully.
Nov 22, 2021 5:07:37 PM org.openqa.selenium.remote.ProtocolHandshake createSession
INFO: Detected dialect: W3C
]]></system-err>
  </testcase>
  <testcase name="runScenario[&quot;Clicking on Lord Shiva Adiyogi Figurine&quot;, &quot;Optional[Open Adiyogi]&quot;](7)" classname="com.mindtree.com.runner.Runner" time="15.345">
    <system-out><![CDATA[2021.11.22.17.07.56-----------
Test-Report2021.11.22.17.07.56.html
[INFO ] 2021-11-22 17:07:58.367 [main] ReadConfig - Driver is initialized
[INFO ] 2021-11-22 17:08:05.549 [main] ReadConfig - Website is initialized
[INFO ] 2021-11-22 17:08:08.674 [main] ReadConfig - Adiyogi is searched
[INFO ] 2021-11-22 17:08:11.633 [main] ReadConfig - product description page is opened
]]></system-out>
    <system-err><![CDATA[Starting ChromeDriver 96.0.4664.45 (76e4c1bb2ab4671b8beba3444e61c0f17584b2fc-refs/branch-heads/4664@{#947}) on port 20346
Only local connections are allowed.
Please see https://chromedriver.chromium.org/security-considerations for suggestions on keeping ChromeDriver safe.
ChromeDriver was started successfully.
Nov 22, 2021 5:07:58 PM org.openqa.selenium.remote.ProtocolHandshake createSession
INFO: Detected dialect: W3C
]]></system-err>
  </testcase>
  <testcase name="runScenario[&quot;Checking track your order functionality&quot;, &quot;Optional[Working on track order]&quot;](8)" classname="com.mindtree.com.runner.Runner" time="12.824">
    <system-out><![CDATA[2021.11.22.17.08.15-----------
Test-Report2021.11.22.17.08.15.html
[INFO ] 2021-11-22 17:08:17.805 [main] ReadConfig - Driver is initialized
[INFO ] 2021-11-22 17:08:24.626 [main] ReadConfig - Website is initialized
[INFO ] 2021-11-22 17:08:27.754 [main] ReadConfig - Track order page is invoked
[INFO ] 2021-11-22 17:08:28.373 [main] ReadConfig - email is entered
[INFO ] 2021-11-22 17:08:28.537 [main] ReadConfig - order number is entered
[INFO ] 2021-11-22 17:08:28.671 [main] ReadConfig - status of the order is displayed
]]></system-out>
    <system-err><![CDATA[Starting ChromeDriver 96.0.4664.45 (76e4c1bb2ab4671b8beba3444e61c0f17584b2fc-refs/branch-heads/4664@{#947}) on port 18837
Only local connections are allowed.
Please see https://chromedriver.chromium.org/security-considerations for suggestions on keeping ChromeDriver safe.
ChromeDriver was started successfully.
Nov 22, 2021 5:08:17 PM org.openqa.selenium.remote.ProtocolHandshake createSession
INFO: Detected dialect: W3C
]]></system-err>
  </testcase>
  <testcase name="runScenario[&quot;Checking on validating title&quot;, &quot;Optional[Working on validating title]&quot;](9)" classname="com.mindtree.com.runner.Runner" time="18.263">
    <system-out><![CDATA[2021.11.22.17.08.28-----------
Test-Report2021.11.22.17.08.28.html
[INFO ] 2021-11-22 17:08:31.560 [main] ReadConfig - Driver is initialized
[INFO ] 2021-11-22 17:08:37.537 [main] ReadConfig - Website is initialized
[INFO ] 2021-11-22 17:08:41.283 [main] ReadConfig - birthday gifts is selected from dropdown
[INFO ] 2021-11-22 17:08:45.117 [main] ReadConfig - gifts for kids is selected from birthday gifts
[INFO ] 2021-11-22 17:08:46.592 [main] ReadConfig - Got the title
[INFO ] 2021-11-22 17:08:47.105 [main] ReadConfig - Title validation done
Equal
]]></system-out>
    <system-err><![CDATA[Starting ChromeDriver 96.0.4664.45 (76e4c1bb2ab4671b8beba3444e61c0f17584b2fc-refs/branch-heads/4664@{#947}) on port 36213
Only local connections are allowed.
Please see https://chromedriver.chromium.org/security-considerations for suggestions on keeping ChromeDriver safe.
ChromeDriver was started successfully.
Nov 22, 2021 5:08:31 PM org.openqa.selenium.remote.ProtocolHandshake createSession
INFO: Detected dialect: W3C
]]></system-err>
  </testcase>
  <testcase name="runScenario[&quot;Checking on adding product to wishlist&quot;, &quot;Optional[Working on adding to wishlist]&quot;](10)" classname="com.mindtree.com.runner.Runner" time="20.609">
    <system-out><![CDATA[2021.11.22.17.08.51-----------
Test-Report2021.11.22.17.08.51.html
[INFO ] 2021-11-22 17:08:56.039 [main] ReadConfig - Driver is initialized
[INFO ] 2021-11-22 17:09:02.643 [main] ReadConfig - Website is initialized
[INFO ] 2021-11-22 17:09:05.944 [main] ReadConfig - Search page is opened
[INFO ] 2021-11-22 17:09:11.294 [main] ReadConfig - Required item is selected
[INFO ] 2021-11-22 17:09:11.960 [main] ReadConfig - Product is added to wishlist
]]></system-out>
    <system-err><![CDATA[Starting ChromeDriver 96.0.4664.45 (76e4c1bb2ab4671b8beba3444e61c0f17584b2fc-refs/branch-heads/4664@{#947}) on port 43949
Only local connections are allowed.
Please see https://chromedriver.chromium.org/security-considerations for suggestions on keeping ChromeDriver safe.
ChromeDriver was started successfully.
Nov 22, 2021 5:08:55 PM org.openqa.selenium.remote.ProtocolHandshake createSession
INFO: Detected dialect: W3C
]]></system-err>
  </testcase>
</testsuite>